<?xml version="1.0" encoding="UTF-8"?>
<testsuite name="com.BLPrograms.CabInvoiceGeneratorTest" tests="1" skipped="0" failures="0" errors="0" timestamp="2021-08-12T12:32:41" hostname="DESKTOP-KLF40L0" time="0.028">
  <properties/>
  <testcase name="givenDistanceAndTime_WhenPremiumAndLessThanMinimum_ShouldReturnTotalFare" classname="com.BLPrograms.CabInvoiceGeneratorTest" time="0.028"/>
  <system-out><![CDATA[]]></system-out>
  <system-err><![CDATA[]]></system-err>
</testsuite>
